Determining if the Q_WS_WIN exist failed with the following output:
Change Dir: /home/brain/Sandbox/FiberEndPointFromLabelMap-build/CMakeFiles/CMakeTmp

Run Build Command:"/usr/bin/make" "cmTryCompileExec3653963408/fast"
/usr/bin/make -f CMakeFiles/cmTryCompileExec3653963408.dir/build.make CMakeFiles/cmTryCompileExec3653963408.dir/build
make[1]: Entering directory '/home/brain/Sandbox/FiberEndPointFromLabelMap-build/CMakeFiles/CMakeTmp'
/usr/bin/cmake -E cmake_progress_report /home/brain/Sandbox/FiberEndPointFromLabelMap-build/CMakeFiles/CMakeTmp/CMakeFiles 1
Building CXX object CMakeFiles/cmTryCompileExec3653963408.dir/CheckSymbolExists.cxx.o
/usr/bin/c++    -I/usr/include/qt4    -o CMakeFiles/cmTryCompileExec3653963408.dir/CheckSymbolExists.cxx.o -c /home/brain/Sandbox/FiberEndPointFromLabelMap-build/CMakeFiles/CMakeTmp/CheckSymbolExists.cxx
/home/brain/Sandbox/FiberEndPointFromLabelMap-build/CMakeFiles/CMakeTmp/CheckSymbolExists.cxx: In function ‘int main(int, char**)’:
/home/brain/Sandbox/FiberEndPointFromLabelMap-build/CMakeFiles/CMakeTmp/CheckSymbolExists.cxx:8:19: error: ‘Q_WS_WIN’ was not declared in this scope
   return ((int*)(&Q_WS_WIN))[argc];
                   ^
CMakeFiles/cmTryCompileExec3653963408.dir/build.make:57: recipe for target 'CMakeFiles/cmTryCompileExec3653963408.dir/CheckSymbolExists.cxx.o' failed
make[1]: Leaving directory '/home/brain/Sandbox/FiberEndPointFromLabelMap-build/CMakeFiles/CMakeTmp'
make[1]: *** [CMakeFiles/cmTryCompileExec3653963408.dir/CheckSymbolExists.cxx.o] Error 1
Makefile:118: recipe for target 'cmTryCompileExec3653963408/fast' failed
make: *** [cmTryCompileExec3653963408/fast] Error 2

File /home/brain/Sandbox/FiberEndPointFromLabelMap-build/CMakeFiles/CMakeTmp/CheckSymbolExists.cxx:
/* */
#include <QtCore/qglobal.h>

int main(int argc, char** argv)
{
  (void)argv;
#ifndef Q_WS_WIN
  return ((int*)(&Q_WS_WIN))[argc];
#else
  (void)argc;
  return 0;
#endif
}

Determining if the Q_WS_QWS exist failed with the following output:
Change Dir: /home/brain/Sandbox/FiberEndPointFromLabelMap-build/CMakeFiles/CMakeTmp

Run Build Command:"/usr/bin/make" "cmTryCompileExec1440792906/fast"
/usr/bin/make -f CMakeFiles/cmTryCompileExec1440792906.dir/build.make CMakeFiles/cmTryCompileExec1440792906.dir/build
make[1]: Entering directory '/home/brain/Sandbox/FiberEndPointFromLabelMap-build/CMakeFiles/CMakeTmp'
/usr/bin/cmake -E cmake_progress_report /home/brain/Sandbox/FiberEndPointFromLabelMap-build/CMakeFiles/CMakeTmp/CMakeFiles 1
Building CXX object CMakeFiles/cmTryCompileExec1440792906.dir/CheckSymbolExists.cxx.o
/usr/bin/c++    -I/usr/include/qt4    -o CMakeFiles/cmTryCompileExec1440792906.dir/CheckSymbolExists.cxx.o -c /home/brain/Sandbox/FiberEndPointFromLabelMap-build/CMakeFiles/CMakeTmp/CheckSymbolExists.cxx
/home/brain/Sandbox/FiberEndPointFromLabelMap-build/CMakeFiles/CMakeTmp/CheckSymbolExists.cxx: In function ‘int main(int, char**)’:
/home/brain/Sandbox/FiberEndPointFromLabelMap-build/CMakeFiles/CMakeTmp/CheckSymbolExists.cxx:8:19: error: ‘Q_WS_QWS’ was not declared in this scope
   return ((int*)(&Q_WS_QWS))[argc];
                   ^
CMakeFiles/cmTryCompileExec1440792906.dir/build.make:57: recipe for target 'CMakeFiles/cmTryCompileExec1440792906.dir/CheckSymbolExists.cxx.o' failed
make[1]: Leaving directory '/home/brain/Sandbox/FiberEndPointFromLabelMap-build/CMakeFiles/CMakeTmp'
make[1]: *** [CMakeFiles/cmTryCompileExec1440792906.dir/CheckSymbolExists.cxx.o] Error 1
Makefile:118: recipe for target 'cmTryCompileExec1440792906/fast' failed
make: *** [cmTryCompileExec1440792906/fast] Error 2

File /home/brain/Sandbox/FiberEndPointFromLabelMap-build/CMakeFiles/CMakeTmp/CheckSymbolExists.cxx:
/* */
#include <QtCore/qglobal.h>

int main(int argc, char** argv)
{
  (void)argv;
#ifndef Q_WS_QWS
  return ((int*)(&Q_WS_QWS))[argc];
#else
  (void)argc;
  return 0;
#endif
}

Determining if the Q_WS_MAC exist failed with the following output:
Change Dir: /home/brain/Sandbox/FiberEndPointFromLabelMap-build/CMakeFiles/CMakeTmp

Run Build Command:"/usr/bin/make" "cmTryCompileExec4278899761/fast"
/usr/bin/make -f CMakeFiles/cmTryCompileExec4278899761.dir/build.make CMakeFiles/cmTryCompileExec4278899761.dir/build
make[1]: Entering directory '/home/brain/Sandbox/FiberEndPointFromLabelMap-build/CMakeFiles/CMakeTmp'
/usr/bin/cmake -E cmake_progress_report /home/brain/Sandbox/FiberEndPointFromLabelMap-build/CMakeFiles/CMakeTmp/CMakeFiles 1
Building CXX object CMakeFiles/cmTryCompileExec4278899761.dir/CheckSymbolExists.cxx.o
/usr/bin/c++    -I/usr/include/qt4    -o CMakeFiles/cmTryCompileExec4278899761.dir/CheckSymbolExists.cxx.o -c /home/brain/Sandbox/FiberEndPointFromLabelMap-build/CMakeFiles/CMakeTmp/CheckSymbolExists.cxx
/home/brain/Sandbox/FiberEndPointFromLabelMap-build/CMakeFiles/CMakeTmp/CheckSymbolExists.cxx: In function ‘int main(int, char**)’:
/home/brain/Sandbox/FiberEndPointFromLabelMap-build/CMakeFiles/CMakeTmp/CheckSymbolExists.cxx:8:19: error: ‘Q_WS_MAC’ was not declared in this scope
   return ((int*)(&Q_WS_MAC))[argc];
                   ^
CMakeFiles/cmTryCompileExec4278899761.dir/build.make:57: recipe for target 'CMakeFiles/cmTryCompileExec4278899761.dir/CheckSymbolExists.cxx.o' failed
make[1]: Leaving directory '/home/brain/Sandbox/FiberEndPointFromLabelMap-build/CMakeFiles/CMakeTmp'
make[1]: *** [CMakeFiles/cmTryCompileExec4278899761.dir/CheckSymbolExists.cxx.o] Error 1
Makefile:118: recipe for target 'cmTryCompileExec4278899761/fast' failed
make: *** [cmTryCompileExec4278899761/fast] Error 2

File /home/brain/Sandbox/FiberEndPointFromLabelMap-build/CMakeFiles/CMakeTmp/CheckSymbolExists.cxx:
/* */
#include <QtCore/qglobal.h>

int main(int argc, char** argv)
{
  (void)argv;
#ifndef Q_WS_MAC
  return ((int*)(&Q_WS_MAC))[argc];
#else
  (void)argc;
  return 0;
#endif
}

Determining if the CXX compiler accepts the flag -features=no%anachronisms passed with the following output:
Change Dir: /home/brain/Sandbox/FiberEndPointFromLabelMap-build/CMakeFiles/CMakeTmp

Run Build Command:"/usr/bin/make" "cmTryCompileExec1374754420/fast"
/usr/bin/make -f CMakeFiles/cmTryCompileExec1374754420.dir/build.make CMakeFiles/cmTryCompileExec1374754420.dir/build
make[1]: Entering directory '/home/brain/Sandbox/FiberEndPointFromLabelMap-build/CMakeFiles/CMakeTmp'
/usr/bin/cmake -E cmake_progress_report /home/brain/Sandbox/FiberEndPointFromLabelMap-build/CMakeFiles/CMakeTmp/CMakeFiles 1
Building CXX object CMakeFiles/cmTryCompileExec1374754420.dir/src.cxx.o
/usr/bin/c++    -ftemplate-depth-50 -fno-tree-vectorize -features=no%anachronisms   -o CMakeFiles/cmTryCompileExec1374754420.dir/src.cxx.o -c /home/brain/Sandbox/FiberEndPointFromLabelMap-build/CMakeFiles/CMakeTmp/src.cxx
c++: error: unrecognized command line option ‘-features=no%anachronisms’
CMakeFiles/cmTryCompileExec1374754420.dir/build.make:57: recipe for target 'CMakeFiles/cmTryCompileExec1374754420.dir/src.cxx.o' failed
make[1]: Leaving directory '/home/brain/Sandbox/FiberEndPointFromLabelMap-build/CMakeFiles/CMakeTmp'
make[1]: *** [CMakeFiles/cmTryCompileExec1374754420.dir/src.cxx.o] Error 1
Makefile:118: recipe for target 'cmTryCompileExec1374754420/fast' failed
make: *** [cmTryCompileExec1374754420/fast] Error 2

Source file was:
int main() { return 0;}

